<?xml version="1.0" encoding="UTF-8"?>
<testsuite name="com.example.user.UserApplicationTests" tests="1" skipped="0" failures="0" errors="0" timestamp="2025-03-27T09:53:28.520Z" hostname="LM-047983-00.local" time="0.32">
  <properties/>
  <testcase name="contextLoads()" classname="com.example.user.UserApplicationTests" time="0.32"/>
  <system-out><![CDATA[18:53:25.858 [Test worker] INFO org.springframework.test.context.support.AnnotationConfigContextLoaderUtils -- Could not detect default configuration classes for test class [com.example.user.UserApplicationTests]: UserApplicationTests does not declare any static, non-private, non-final, nested classes annotated with @Configuration.
18:53:25.922 [Test worker] INFO org.springframework.boot.test.context.SpringBootTestContextBootstrapper -- Found @SpringBootConfiguration com.example.user.UserApplication for test class com.example.user.UserApplicationTests

  .   ____          _            __ _ _
 /\\ / ___'_ __ _ _(_)_ __  __ _ \ \ \ \
( ( )\___ | '_ | '_| | '_ \/ _` | \ \ \ \
 \\/  ___)| |_)| | | | | || (_| |  ) ) ) )
  '  |____| .__|_| |_|_| |_\__, | / / / /
 =========|_|==============|___/=/_/_/_/

 :: Spring Boot ::                (v3.4.4)

2025-03-27T18:53:26.106+09:00  INFO 33174 --- [user] [    Test worker] com.example.user.UserApplicationTests    : Starting UserApplicationTests using Java 17.0.13 with PID 33174 (started by minwokim in /Users/minwokim/Documents/GitHub/user)
2025-03-27T18:53:26.107+09:00  INFO 33174 --- [user] [    Test worker] com.example.user.UserApplicationTests    : No active profile set, falling back to 1 default profile: "default"
2025-03-27T18:53:26.382+09:00  INFO 33174 --- [user] [    Test worker] .s.d.r.c.RepositoryConfigurationDelegate : Bootstrapping Spring Data JPA repositories in DEFAULT mode.
2025-03-27T18:53:26.407+09:00  INFO 33174 --- [user] [    Test worker] .s.d.r.c.RepositoryConfigurationDelegate : Finished Spring Data repository scanning in 20 ms. Found 1 JPA repository interface.
2025-03-27T18:53:26.571+09:00  INFO 33174 --- [user] [    Test worker] o.hibernate.jpa.internal.util.LogHelper  : HHH000204: Processing PersistenceUnitInfo [name: default]
2025-03-27T18:53:26.590+09:00  INFO 33174 --- [user] [    Test worker] org.hibernate.Version                    : HHH000412: Hibernate ORM core version 6.6.11.Final
2025-03-27T18:53:26.605+09:00  INFO 33174 --- [user] [    Test worker] o.h.c.internal.RegionFactoryInitiator    : HHH000026: Second-level cache disabled
2025-03-27T18:53:26.723+09:00  INFO 33174 --- [user] [    Test worker] o.s.o.j.p.SpringPersistenceUnitInfo      : No LoadTimeWeaver setup: ignoring JPA class transformer
2025-03-27T18:53:26.742+09:00  INFO 33174 --- [user] [    Test worker] com.zaxxer.hikari.HikariDataSource       : HikariPool-1 - Starting...
2025-03-27T18:53:27.309+09:00  INFO 33174 --- [user] [    Test worker] com.zaxxer.hikari.pool.HikariPool        : HikariPool-1 - Added connection org.postgresql.jdbc.PgConnection@147c00aa
2025-03-27T18:53:27.310+09:00  INFO 33174 --- [user] [    Test worker] com.zaxxer.hikari.HikariDataSource       : HikariPool-1 - Start completed.
2025-03-27T18:53:27.556+09:00  INFO 33174 --- [user] [    Test worker] org.hibernate.orm.connections.pooling    : HHH10001005: Database info:
	Database JDBC URL [Connecting through datasource 'HikariDataSource (HikariPool-1)']
	Database driver: undefined/unknown
	Database version: 15.8
	Autocommit mode: undefined/unknown
	Isolation level: undefined/unknown
	Minimum pool size: undefined/unknown
	Maximum pool size: undefined/unknown
2025-03-27T18:53:27.918+09:00  INFO 33174 --- [user] [    Test worker] o.h.e.t.j.p.i.JtaPlatformInitiator       : HHH000489: No JTA platform available (set 'hibernate.transaction.jta.platform' to enable JTA platform integration)
2025-03-27T18:53:28.161+09:00  INFO 33174 --- [user] [    Test worker] j.LocalContainerEntityManagerFactoryBean : Initialized JPA EntityManagerFactory for persistence unit 'default'
2025-03-27T18:53:28.334+09:00  WARN 33174 --- [user] [    Test worker] JpaBaseConfiguration$JpaWebConfiguration : spring.jpa.open-in-view is enabled by default. Therefore, database queries may be performed during view rendering. Explicitly configure spring.jpa.open-in-view to disable this warning
2025-03-27T18:53:28.511+09:00  INFO 33174 --- [user] [    Test worker] com.example.user.UserApplicationTests    : Started UserApplicationTests in 2.525 seconds (process running for 3.082)
]]></system-out>
  <system-err><![CDATA[]]></system-err>
</testsuite>
